<?xml version="1.0" encoding="UTF-8"?>
<testng-results ignored="0" total="1" passed="1" failed="0" skipped="0">
  <reporter-output>
  </reporter-output>
  <suite started-at="2023-09-24T11:02:40 PDT" name="Surefire suite" finished-at="2023-09-24T11:02:40 PDT" duration-ms="86">
    <groups>
    </groups>
    <test started-at="2023-09-24T11:02:40 PDT" name="Surefire test" finished-at="2023-09-24T11:02:40 PDT" duration-ms="86">
      <class name="ua.hillel.qaautojava.FirstTest">
        <test-method signature="makeSout()[pri:0, instance:ua.hillel.qaautojava.FirstTest@679b62af]" started-at="2023-09-24T11:02:40 PDT" name="makeSout" finished-at="2023-09-24T11:02:40 PDT" duration-ms="12" status="PASS">
          <reporter-output>
          </reporter-output>
        </test-method> <!-- makeSout -->
      </class> <!-- ua.hillel.qaautojava.FirstTest -->
    </test> <!-- Surefire test -->
  </suite> <!-- Surefire suite -->
</testng-results>
